<?xml version="1.0" encoding="UTF-8"?>
<!-- Generated by org.testng.reporters.JUnitXMLReporter -->
<testsuite ignored="0" hostname="DESKTOP-EV5JN99" failures="0" tests="6" name="Default test" time="46.855" errors="0" timestamp="2026-02-05T11:32:41 IST">
  <testcase classname="Testing.CustomerCreationTest" name="loginTest" time="3.641"/>
  <testcase classname="Testing.CustomerCreationTest" name="MainIformation" time="6.601"/>
  <testcase classname="Testing.CustomerCreationTest" name="Addressdetails" time="5.603"/>
  <testcase classname="Testing.CustomerCreationTest" name="Nominee" time="2.696"/>
  <testcase classname="Testing.CustomerCreationTest" name="Payment" time="7.339"/>
  <testcase classname="Testing.CustomerCreationTest" name="Approved" time="14.183"/>
</testsuite> <!-- Default test -->
