<?xml version="1.0" encoding="UTF-8"?>
<testng-results ignored="0" total="6" passed="6" failed="0" skipped="0">
  <reporter-output>
  </reporter-output>
  <suite started-at="2026-02-05T11:31:54 IST" name="Default suite" finished-at="2026-02-05T11:32:41 IST" duration-ms="46855">
    <groups>
    </groups>
    <test started-at="2026-02-05T11:31:54 IST" name="Default test" finished-at="2026-02-05T11:32:41 IST" duration-ms="46855">
      <class name="Testing.CustomerCreationTest">
        <test-method is-config="true" signature="setupBrowser()[pri:0, instance:Testing.CustomerCreationTest@6150c3ec]" started-at="2026-02-05T11:31:54 IST" name="setupBrowser" finished-at="2026-02-05T11:32:01 IST" duration-ms="6722" status="PASS">
          <reporter-output>
          </reporter-output>
        </test-method> <!-- setupBrowser -->
        <test-method signature="loginTest()[pri:1, instance:Testing.CustomerCreationTest@6150c3ec]" started-at="2026-02-05T11:32:01 IST" name="loginTest" finished-at="2026-02-05T11:32:04 IST" duration-ms="3641" status="PASS">
          <reporter-output>
          </reporter-output>
        </test-method> <!-- loginTest -->
        <test-method signature="MainIformation()[pri:2, instance:Testing.CustomerCreationTest@6150c3ec]" started-at="2026-02-05T11:32:04 IST" name="MainIformation" finished-at="2026-02-05T11:32:11 IST" depends-on-methods="Testing.CustomerCreationTest.loginTest" duration-ms="6601" status="PASS">
          <reporter-output>
          </reporter-output>
        </test-method> <!-- MainIformation -->
        <test-method signature="Addressdetails()[pri:3, instance:Testing.CustomerCreationTest@6150c3ec]" started-at="2026-02-05T11:32:11 IST" name="Addressdetails" finished-at="2026-02-05T11:32:17 IST" depends-on-methods="Testing.CustomerCreationTest.MainIformation" duration-ms="5603" status="PASS">
          <reporter-output>
          </reporter-output>
        </test-method> <!-- Addressdetails -->
        <test-method signature="Nominee()[pri:4, instance:Testing.CustomerCreationTest@6150c3ec]" started-at="2026-02-05T11:32:17 IST" name="Nominee" finished-at="2026-02-05T11:32:19 IST" depends-on-methods="Testing.CustomerCreationTest.MainIformation" duration-ms="2696" status="PASS">
          <reporter-output>
          </reporter-output>
        </test-method> <!-- Nominee -->
        <test-method signature="Payment()[pri:6, instance:Testing.CustomerCreationTest@6150c3ec]" started-at="2026-02-05T11:32:19 IST" name="Payment" finished-at="2026-02-05T11:32:27 IST" duration-ms="7339" status="PASS">
          <reporter-output>
          </reporter-output>
        </test-method> <!-- Payment -->
        <test-method signature="Approved()[pri:7, instance:Testing.CustomerCreationTest@6150c3ec]" started-at="2026-02-05T11:32:27 IST" name="Approved" finished-at="2026-02-05T11:32:41 IST" depends-on-methods="Testing.CustomerCreationTest.Payment" duration-ms="14183" status="PASS">
          <reporter-output>
          </reporter-output>
        </test-method> <!-- Approved -->
      </class> <!-- Testing.CustomerCreationTest -->
    </test> <!-- Default test -->
  </suite> <!-- Default suite -->
</testng-results>
