<?xml version="1.0" encoding="UTF-8"?>
<!-- Generated by org.testng.reporters.JUnitReportReporter -->
<testsuite hostname="DESKTOP-EV5JN99" failures="0" tests="3" name="Testing.Saving_Account" time="5.594" errors="0" timestamp="2026-01-21T12:05:52 IST" skipped="0">
  <testcase classname="Testing.Saving_Account" name="loginTest" time="3.683"/>
  <testcase classname="Testing.Saving_Account" name="mainInformation" time="0.975"/>
  <testcase classname="Testing.Saving_Account" name="accountTransaction" time="0.936"/>
</testsuite> <!-- Testing.Saving_Account -->
