<?xml version="1.0" encoding="UTF-8"?>
<!-- Generated by org.testng.reporters.JUnitXMLReporter -->
<testsuite ignored="0" hostname="DESKTOP-EV5JN99" failures="0" tests="7" name="Login Test1" time="49.44" errors="0" timestamp="2025-09-05T12:51:54 IST">
  <testcase classname="Testing.CustomerCreationTest" name="loginTest" time="2.436"/>
  <testcase classname="Testing.CustomerCreationTest" name="MainIformation" time="2.843"/>
  <testcase classname="Testing.CustomerCreationTest" name="Addressdetails" time="5.19"/>
  <testcase classname="Testing.CustomerCreationTest" name="Nominee" time="2.674"/>
  <testcase classname="Testing.CustomerCreationTest" name="KYCDetail" time="7.982"/>
  <testcase classname="Testing.CustomerCreationTest" name="Payment" time="7.499"/>
  <testcase classname="Testing.CustomerCreationTest" name="Approved" time="14.269"/>
</testsuite> <!-- Login Test1 -->
