<?xml version="1.0" encoding="UTF-8"?>
<!-- Generated by org.testng.reporters.JUnitXMLReporter -->
<testsuite ignored="0" hostname="DESKTOP-EV5JN99" failures="1" tests="4" name="Login Test" time="28.485" errors="0" timestamp="2025-09-04T11:48:01 IST">
  <testcase classname="Testing.LoginPageCBS" name="EnterInValidCredential" time="4.432"/>
  <testcase classname="Testing.LoginPageCBS" name="InvalidUsername" time="3.305"/>
  <testcase classname="Testing.LoginPageCBS" name="InvalidPassword" time="12.449">
    <failure type="java.lang.AssertionError" message="Toast message not found.">
      <![CDATA[java.lang.AssertionError: Toast message not found.
at Testing.LoginPageCBS.InvalidPassword(LoginPageCBS.java:114)
at java.base/java.util.ArrayList.forEach(ArrayList.java:1596)
... Removed 26 stack frames]]>
    </failure>
  </testcase> <!-- InvalidPassword -->
  <testcase classname="Testing.LoginPageCBS" name="EnterValidCredential" time="4.971"/>
</testsuite> <!-- Login Test -->
